<?xml version="1.0" encoding="UTF-8"?>
<!-- Generated by org.testng.reporters.JUnitXMLReporter -->
<testsuite hostname="YuvaRaj" ignored="0" name="Default test" tests="2" failures="0" timestamp="02 Mar 2018 13:06:30 GMT" time="31.366" errors="0">
  <testcase name="createCustomerTest" time="9.042" classname="com.actime.customertest.CustomerTest"/>
  <testcase name="createCustomerWithDescpTest" time="9.128" classname="com.actime.customertest.CustomerTest"/>
</testsuite> <!-- Default test -->
